#
# There is insufficient memory for the Java Runtime Environment to continue.
# Native memory allocation (mmap) failed to map 266338304 bytes for Failed to commit area from 0x0000000703400000 to 0x0000000713200000 of length 266338304.
# Possible reasons:
#   The system is out of physical RAM or swap space
#   The process is running with CompressedOops enabled, and the Java Heap may be blocking the growth of the native heap
# Possible solutions:
#   Reduce memory load on the system
#   Increase physical memory or swap space
#   Check if swap backing store is full
#   Decrease Java heap size (-Xmx/-Xms)
#   Decrease number of Java threads
#   Decrease Java thread stack sizes (-Xss)
#   Set larger code cache with -XX:ReservedCodeCacheSize=
# This output file may be truncated or incomplete.
#
#  Out of Memory Error (src/hotspot/os/windows/os_windows.cpp:3627), pid=176, tid=10876
#
# JRE version:  (11.0.15) (build )
# Java VM: OpenJDK 64-Bit Server VM (11.0.15+0-b2043.56-9505619, mixed mode, sharing, tiered, compressed oops, g1 gc, windows-amd64)
# No core dump will be written. Minidumps are not enabled by default on client versions of Windows
#

---------------  S U M M A R Y ------------

Command Line: git4idea.http.GitAskPassApp Username for 'https://github.com': 

Host: Intel(R) Core(TM) i7-8565U CPU @ 1.80GHz, 8 cores, 15G,  Windows 11 , 64 bit Build 22000 (10.0.22000.1880)
Time: Sun May 28 17:51:59 2023 Arab Standard Time elapsed time: 0.045930 seconds (0d 0h 0m 0s)

---------------  T H R E A D  ---------------

Current thread (0x000002d557ae8000):  JavaThread "Unknown thread" [_thread_in_vm, id=10876, stack(0x000000f480e00000,0x000000f480f00000)]

Stack: [0x000000f480e00000,0x000000f480f00000]
Native frames: (J=compiled Java code, j=interpreted, Vv=VM code, C=native code)
V  [jvm.dll+0x64135a]
V  [jvm.dll+0x7d39f9]
V  [jvm.dll+0x7d51b9]
V  [jvm.dll+0x7d58a3]
V  [jvm.dll+0x2691c5]
V  [jvm.dll+0x63e4e9]
V  [jvm.dll+0x632985]
V  [jvm.dll+0x3231ac]
V  [jvm.dll+0x323032]
V  [jvm.dll+0x327c06]
V  [jvm.dll+0x36ffa2]
V  [jvm.dll+0x36fa01]
V  [jvm.dll+0x2fea28]
V  [jvm.dll+0x2ffb25]
V  [jvm.dll+0x7accd7]
V  [jvm.dll+0x7ae49f]
V  [jvm.dll+0x37d299]
V  [jvm.dll+0x78ef9f]
V  [jvm.dll+0x3ec847]
V  [jvm.dll+0x3eed31]
C  [jli.dll+0x52cb]
C  [ucrtbase.dll+0x26c0c]
C  [KERNEL32.DLL+0x155a0]
C  [ntdll.dll+0x485b]


---------------  P R O C E S S  ---------------

Threads class SMR info:
_java_thread_list=0x000002d5558967e0, length=0, elements={
}

Java Threads: ( => current thread )

Other Threads:
  0x000002d55596c000 GCTaskThread "GC Thread#0" [stack: 0x000000f480f00000,0x000000f481000000] [id=21828]
  0x000002d557b57800 ConcurrentGCThread "G1 Main Marker" [stack: 0x000000f481000000,0x000000f481100000] [id=5292]
  0x000002d557b5a800 ConcurrentGCThread "G1 Conc#0" [stack: 0x000000f481100000,0x000000f481200000] [id=1216]

[error occurred during error reporting (printing all threads), id 0xc0000005, EXCEPTION_ACCESS_VIOLATION (0xc0000005) at pc=0x00007ffe885cf3e7]

VM state:not at safepoint (not fully initialized)

VM Mutex/Monitor currently owned by a thread:  ([mutex/lock_event])
[0x000002d557ae5560] Heap_lock - owner thread: 0x000002d557ae8000

Heap address: 0x0000000703400000, size: 4044 MB, Compressed Oops mode: Non-zero based: 0x0000000703400000
Narrow klass base: 0x0000000000000000, Narrow klass shift: 0

GC Heap History (0 events):
No events

Deoptimization events (0 events):
No events

Classes redefined (0 events):
No events

Internal exceptions (0 events):
No events

Events (1 events):
Event: 0.012 Loaded shared library C:\Program Files\Android\Android Studio\jbr\bin\zip.dll


Dynamic libraries:
0x00007ff67db60000 - 0x00007ff67db6a000 	C:\Program Files\Android\Android Studio\jbr\bin\java.exe
0x00007fff3c2a0000 - 0x00007fff3c4a9000 	C:\WINDOWS\SYSTEM32\ntdll.dll
0x00007fff3a560000 - 0x00007fff3a61e000 	C:\WINDOWS\System32\KERNEL32.DLL
0x00007fff39750000 - 0x00007fff39ad4000 	C:\WINDOWS\System32\KERNELBASE.dll
0x00007fff39ae0000 - 0x00007fff39bf1000 	C:\WINDOWS\System32\ucrtbase.dll
0x00007ffefdd70000 - 0x00007ffefdd8b000 	C:\Program Files\Android\Android Studio\jbr\bin\VCRUNTIME140.dll
0x00007ffec3370000 - 0x00007ffec3387000 	C:\Program Files\Android\Android Studio\jbr\bin\jli.dll
0x00007fff3a690000 - 0x00007fff3a83d000 	C:\WINDOWS\System32\USER32.dll
0x00007ffef2120000 - 0x00007ffef23c5000 	C:\WINDOWS\WinSxS\amd64_microsoft.windows.common-controls_6595b64144ccf1df_6.0.22000.120_none_9d947278b86cc467\COMCTL32.dll
0x00007fff39c00000 - 0x00007fff39c26000 	C:\WINDOWS\System32\win32u.dll
0x00007fff3a400000 - 0x00007fff3a4a3000 	C:\WINDOWS\System32\msvcrt.dll
0x00007fff3bd40000 - 0x00007fff3bd6a000 	C:\WINDOWS\System32\GDI32.dll
0x00007fff39c30000 - 0x00007fff39d4f000 	C:\WINDOWS\System32\gdi32full.dll
0x00007fff39ec0000 - 0x00007fff39f5d000 	C:\WINDOWS\System32\msvcp_win.dll
0x00007fff3a3b0000 - 0x00007fff3a3e1000 	C:\WINDOWS\System32\IMM32.DLL
0x00007fff30ed0000 - 0x00007fff30edc000 	C:\Program Files\Android\Android Studio\jbr\bin\vcruntime140_1.dll
0x00007ffebc450000 - 0x00007ffebc4dd000 	C:\Program Files\Android\Android Studio\jbr\bin\msvcp140.dll
0x00007ffe882c0000 - 0x00007ffe88e7c000 	C:\Program Files\Android\Android Studio\jbr\bin\server\jvm.dll
0x00007fff3bc20000 - 0x00007fff3bccf000 	C:\WINDOWS\System32\ADVAPI32.dll
0x00007fff3b6c0000 - 0x00007fff3b75e000 	C:\WINDOWS\System32\sechost.dll
0x00007fff3b790000 - 0x00007fff3b8b1000 	C:\WINDOWS\System32\RPCRT4.dll
0x00007fff3a3f0000 - 0x00007fff3a3f8000 	C:\WINDOWS\System32\PSAPI.DLL
0x00007ffedbee0000 - 0x00007ffedbee9000 	C:\WINDOWS\SYSTEM32\WSOCK32.dll
0x00007fff2fa30000 - 0x00007fff2fa3a000 	C:\WINDOWS\SYSTEM32\VERSION.dll
0x00007fff30c00000 - 0x00007fff30c33000 	C:\WINDOWS\SYSTEM32\WINMM.dll
0x00007fff3bb50000 - 0x00007fff3bbbf000 	C:\WINDOWS\System32\WS2_32.dll
0x00007fff387d0000 - 0x00007fff387e8000 	C:\WINDOWS\SYSTEM32\kernel.appcore.dll
0x00007ffeca0f0000 - 0x00007ffeca100000 	C:\Program Files\Android\Android Studio\jbr\bin\verify.dll
0x00007fff33b00000 - 0x00007fff33d21000 	C:\WINDOWS\SYSTEM32\DBGHELP.DLL
0x00007ffef3ca0000 - 0x00007ffef3cd1000 	C:\WINDOWS\SYSTEM32\dbgcore.DLL
0x00007fff3a020000 - 0x00007fff3a09f000 	C:\WINDOWS\System32\bcryptPrimitives.dll
0x00007ffeca0c0000 - 0x00007ffeca0e8000 	C:\Program Files\Android\Android Studio\jbr\bin\java.dll
0x00007ffeca0b0000 - 0x00007ffeca0ba000 	C:\Program Files\Android\Android Studio\jbr\bin\jimage.dll
0x00007ffeca090000 - 0x00007ffeca0a8000 	C:\Program Files\Android\Android Studio\jbr\bin\zip.dll

dbghelp: loaded successfully - version: 4.0.5 - missing functions: none
symbol engine: initialized successfully - sym options: 0x614 - pdb path: .;C:\Program Files\Android\Android Studio\jbr\bin;C:\WINDOWS\SYSTEM32;C:\WINDOWS\WinSxS\amd64_microsoft.windows.common-controls_6595b64144ccf1df_6.0.22000.120_none_9d947278b86cc467;C:\Program Files\Android\Android Studio\jbr\bin\server

VM Arguments:
java_command: git4idea.http.GitAskPassApp Username for 'https://github.com': 
java_class_path (initial): C:/Program Files/Android/Android Studio/plugins/git4idea/lib/git4idea-rt.jar;C:/Program Files/Android/Android Studio/lib/externalProcess-rt.jar;C:/Program Files/Android/Android Studio/lib/app.jar;C:/Program Files/Android/Android Studio/lib/3rd-party-rt.jar
Launcher Type: SUN_STANDARD

[Global flags]
     intx CICompilerCount                          = 4                                         {product} {ergonomic}
     uint ConcGCThreads                            = 2                                         {product} {ergonomic}
     uint G1ConcRefinementThreads                  = 8                                         {product} {ergonomic}
   size_t G1HeapRegionSize                         = 1048576                                   {product} {ergonomic}
    uintx GCDrainStackTargetSize                   = 64                                        {product} {ergonomic}
   size_t InitialHeapSize                          = 266338304                                 {product} {ergonomic}
   size_t MarkStackSize                            = 4194304                                   {product} {ergonomic}
   size_t MaxHeapSize                              = 4240441344                                {product} {ergonomic}
   size_t MinHeapDeltaBytes                        = 1048576                                   {product} {ergonomic}
    uintx NonNMethodCodeHeapSize                   = 5836300                                {pd product} {ergonomic}
    uintx NonProfiledCodeHeapSize                  = 122910970                              {pd product} {ergonomic}
    uintx ProfiledCodeHeapSize                     = 122910970                              {pd product} {ergonomic}
    uintx ReservedCodeCacheSize                    = 251658240                              {pd product} {ergonomic}
     bool SegmentedCodeCache                       = true                                      {product} {ergonomic}
     bool UseCompressedClassPointers               = true                                 {lp64_product} {ergonomic}
     bool UseCompressedOops                        = true                                 {lp64_product} {ergonomic}
     bool UseG1GC                                  = true                                      {product} {ergonomic}
     bool UseLargePagesIndividualAllocation        = false                                  {pd product} {ergonomic}

Logging:
Log output configuration:
 #0: stdout all=warning uptime,level,tags
 #1: stderr all=off uptime,level,tags

Environment Variables:
PATH=C:/Program Files/Git/mingw64/libexec/git-core;C:/Program Files/Git/mingw64/libexec/git-core;C:\Program Files\Git\mingw64\bin;C:\Program Files\Git\usr\bin;C:\Users\Lenovo\bin;D:\DevSuiteHome_1\jdk\jre\bin\classic;D:\DevSuiteHome_1\jdk\jre\bin;D:\DevSuiteHome_1\jdk\jre\bin\client;D:\DevSuiteHome_1\jlib;D:\DevSuiteHome_1\bin;D:\DevSuiteHome_1\jre\1.4.2\bin;D:\oracle\product\10.2.0\db_1\bin;C:\WINDOWS\system32;C:\WINDOWS;C:\WINDOWS\System32\Wbem;C:\WINDOWS\System32\WindowsPowerShell\v1.0\;C:\WINDOWS\System32\OpenSSH\;C:\Program Files\dotnet\;zC:\Program Files (x86)\Microsoft SQL Server\140\DTS\Binn\;C:\Program Files (x86)\dotnet\;C:\Program Files (x86)\Microsoft SQL Server\150\DTS\Binn\;C:\Program Files\Microsoft SQL Server\150\DTS\Binn\;C:\Program Files\Microsoft SQL Server\Client SDK\ODBC\170\Tools\Binn\;C:\Program Files\Git\cmd;C:\Program Files\MySQL\MySQL Shell 8.0\bin\;C:\Users\Lenovo\AppData\Local\Microsoft\WindowsApps;C:\Program Files\Azure Data Studio\bin;C:\Users\Lenovo\.dotnet\tools;C:\Users\Lenovo\AppData\Local\Programs\Microsoft VS Code\bin;C:\johntheRipper\run;C:\xampp\php;C:\Users\Lenovo\AppData\Local\GitHubDesktop\bin
USERNAME=Lenovo
DISPLAY=:0.0
LC_ALL=en_US.UTF-8
OS=Windows_NT
PROCESSOR_IDENTIFIER=Intel64 Family 6 Model 142 Stepping 11, GenuineIntel



---------------  S Y S T E M  ---------------

OS: Windows 11 , 64 bit Build 22000 (10.0.22000.1880)
OS uptime: 1 days 20:26 hours

CPU:total 8 (initial active 8) (4 cores per cpu, 2 threads per core) family 6 model 142 stepping 11 microcode 0xea, cmov, cx8, fxsr, mmx, sse, sse2, sse3, ssse3, sse4.1, sse4.2, popcnt, avx, avx2, aes, clmul, erms, 3dnowpref, lzcnt, ht, tsc, tscinvbit, bmi1, bmi2, adx, fma

Memory: 4k page, system-wide physical 16175M (3228M free)
TotalPageFile size 20270M (AvailPageFile size 50M)
current process WorkingSet (physical memory assigned to process): 10M, peak: 10M
current process commit charge ("private bytes"): 60M, peak: 314M

vm_info: OpenJDK 64-Bit Server VM (11.0.15+0-b2043.56-9505619) for windows-amd64 JRE (11.0.15+0-b2043.56-9505619), built on Jan 19 2023 02:48:00 by "builduser" with unknown MS VC++:1929

END.
